build/app/intermediates/manifest_merge_blame_file/release/manifest-merger-blame-release-report.txt
1<?xml version="1.0" encoding="utf-8"?>
2<manifest xmlns:android="http://schemas.android.com/apk/res/android"
3    package="com.example.x_group"
4    android:versionCode="1"
5    android:versionName="1.0.0" >
6
7    <uses-sdk
8        android:minSdkVersion="21"
8-->src\main\AndroidManifest.xml
9        android:targetSdkVersion="28" />
9-->src\main\AndroidManifest.xml
10
11    <uses-permission android:name="android.permission.READ_EXTERNAL_STORAGE" />
11-->[:image_picker] AndroidManifest.xml:7:5-80
11-->[:image_picker] AndroidManifest.xml:7:22-77
12    <uses-permission android:name="android.permission.WRITE_EXTERNAL_STORAGE" />
12-->[:image_picker] AndroidManifest.xml:8:5-81
12-->[:image_picker] AndroidManifest.xml:8:22-78
13    <uses-permission android:name="android.permission.INTERNET" /> <!-- Although the *SdkVersion is captured in gradle build files, this is required for non gradle builds -->
13-->[:google_sign_in] AndroidManifest.xml:7:5-67
13-->[:google_sign_in] AndroidManifest.xml:7:22-64
14    <!-- <uses-sdk android:minSdkVersion="14" /> -->
15    <uses-permission android:name="android.permission.ACCESS_NETWORK_STATE" />
15-->[com.google.firebase:firebase-firestore:21.3.0] AndroidManifest.xml:13:5-79
15-->[com.google.firebase:firebase-firestore:21.3.0] AndroidManifest.xml:13:22-76
16    <uses-permission android:name="android.permission.WAKE_LOCK" /> <!-- Required by older versions of Google Play services to create IID tokens -->
16-->[com.google.firebase:firebase-iid:20.0.1] AndroidManifest.xml:24:5-68
16-->[com.google.firebase:firebase-iid:20.0.1] AndroidManifest.xml:24:22-65
17    <uses-permission android:name="com.google.android.c2dm.permission.RECEIVE" />
17-->[com.google.firebase:firebase-iid:20.0.1] AndroidManifest.xml:26:5-82
17-->[com.google.firebase:firebase-iid:20.0.1] AndroidManifest.xml:26:22-79
18    <!--
19 io.flutter.app.FlutterApplication is an android.app.Application that
20         calls FlutterMain.startInitialization(this); in its onCreate method.
21         In most cases you can leave this as-is, but you if you want to provide
22         additional functionality it is fine to subclass or reimplement
23         FlutterApplication and put your custom class here.
24    -->
25    <application
25-->src\main\AndroidManifest.xml:8:5-31:19
26        android:name="io.flutter.app.FlutterApplication"
26-->src\main\AndroidManifest.xml:9:9-57
27        android:appComponentFactory="androidx.core.app.CoreComponentFactory"
27-->[androidx.core:core:1.0.2] AndroidManifest.xml:22:18-86
28        android:icon="@mipmap/ic_launcher"
28-->src\main\AndroidManifest.xml:11:9-43
29        android:label="x_group" >
29-->src\main\AndroidManifest.xml:10:9-32
30        <activity
30-->src\main\AndroidManifest.xml:12:9-25:20
31            android:name="com.example.x_group.MainActivity"
31-->src\main\AndroidManifest.xml:13:13-41
32            android:configChanges="orientation|keyboardHidden|keyboard|screenSize|smallestScreenSize|locale|layoutDirection|fontScale|screenLayout|density|uiMode"
32-->src\main\AndroidManifest.xml:16:13-163
33            android:hardwareAccelerated="true"
33-->src\main\AndroidManifest.xml:17:13-47
34            android:launchMode="singleTop"
34-->src\main\AndroidManifest.xml:14:13-43
35            android:theme="@style/LaunchTheme"
35-->src\main\AndroidManifest.xml:15:13-47
36            android:windowSoftInputMode="adjustResize" >
36-->src\main\AndroidManifest.xml:18:13-55
37            <intent-filter>
37-->src\main\AndroidManifest.xml:19:13-24:29
38                <action android:name="android.intent.action.MAIN" />
38-->src\main\AndroidManifest.xml:20:17-68
38-->src\main\AndroidManifest.xml:20:25-66
39
40                <category android:name="android.intent.category.LAUNCHER" />
40-->src\main\AndroidManifest.xml:21:17-76
40-->src\main\AndroidManifest.xml:21:27-74
41
42                <action android:name="FLUTTER_NOTIFICATION_CLICK" />
42-->src\main\AndroidManifest.xml:22:18-70
42-->src\main\AndroidManifest.xml:22:26-67
43
44                <category android:name="android.intent.category.DEFAULT" />
44-->src\main\AndroidManifest.xml:23:18-77
44-->src\main\AndroidManifest.xml:23:28-74
45            </intent-filter>
46        </activity>
47        <!--
48             Don't delete the meta-data below.
49             This is used by the Flutter tool to generate GeneratedPluginRegistrant.java
50        -->
51        <meta-data
51-->src\main\AndroidManifest.xml:28:9-30:33
52            android:name="flutterEmbedding"
52-->src\main\AndroidManifest.xml:29:13-44
53            android:value="2" />
53-->src\main\AndroidManifest.xml:30:13-30
54
55        <provider
55-->[com.sangcomz:FishBun:0.11.2] AndroidManifest.xml:12:9-20:20
56            android:name="com.sangcomz.fishbun.FishBunFileProvider"
56-->[com.sangcomz:FishBun:0.11.2] AndroidManifest.xml:13:13-68
57            android:authorities="com.example.x_group.fishbunfileprovider"
57-->[com.sangcomz:FishBun:0.11.2] AndroidManifest.xml:14:13-71
58            android:exported="false"
58-->[com.sangcomz:FishBun:0.11.2] AndroidManifest.xml:15:13-37
59            android:grantUriPermissions="true" >
59-->[com.sangcomz:FishBun:0.11.2] AndroidManifest.xml:16:13-47
60            <meta-data
60-->[com.sangcomz:FishBun:0.11.2] AndroidManifest.xml:17:13-19:58
61                android:name="android.support.FILE_PROVIDER_PATHS"
61-->[com.sangcomz:FishBun:0.11.2] AndroidManifest.xml:18:17-67
62                android:resource="@xml/provider_paths" />
62-->[com.sangcomz:FishBun:0.11.2] AndroidManifest.xml:19:17-55
63        </provider>
64
65        <activity
65-->[com.sangcomz:FishBun:0.11.2] AndroidManifest.xml:22:9-25:51
66            android:name="com.sangcomz.fishbun.ui.album.AlbumActivity"
66-->[com.sangcomz:FishBun:0.11.2] AndroidManifest.xml:23:13-71
67            android:label="@string/album"
67-->[com.sangcomz:FishBun:0.11.2] AndroidManifest.xml:24:13-42
68            android:theme="@style/FishBunTheme" />
68-->[com.sangcomz:FishBun:0.11.2] AndroidManifest.xml:25:13-48
69        <activity
69-->[com.sangcomz:FishBun:0.11.2] AndroidManifest.xml:26:9-28:51
70            android:name="com.sangcomz.fishbun.ui.picker.PickerActivity"
70-->[com.sangcomz:FishBun:0.11.2] AndroidManifest.xml:27:13-73
71            android:theme="@style/FishBunTheme" />
71-->[com.sangcomz:FishBun:0.11.2] AndroidManifest.xml:28:13-48
72        <activity
72-->[com.sangcomz:FishBun:0.11.2] AndroidManifest.xml:29:9-31:54
73            android:name="com.sangcomz.fishbun.ui.detail.DetailActivity"
73-->[com.sangcomz:FishBun:0.11.2] AndroidManifest.xml:30:13-73
74            android:theme="@style/DetailViewTheme" />
74-->[com.sangcomz:FishBun:0.11.2] AndroidManifest.xml:31:13-51
75
76        <service
76-->[:firebase_auth] AndroidManifest.xml:8:9-12:19
77            android:name="com.google.firebase.components.ComponentDiscoveryService"
77-->[:firebase_auth] AndroidManifest.xml:8:18-89
78            android:directBootAware="true"
78-->[com.google.firebase:firebase-common:19.3.0] AndroidManifest.xml:34:13-43
79            android:exported="false" >
79-->[com.google.firebase:firebase-auth:19.2.0] AndroidManifest.xml:35:13-37
80            <meta-data
80-->[:firebase_auth] AndroidManifest.xml:9:13-11:85
81                android:name="com.google.firebase.components:io.flutter.plugins.firebaseauth.FlutterFirebaseAppRegistrar"
81-->[:firebase_auth] AndroidManifest.xml:10:17-122
82                android:value="com.google.firebase.components.ComponentRegistrar" />
82-->[:firebase_auth] AndroidManifest.xml:11:17-82
83            <meta-data
83-->[com.google.firebase:firebase-auth:19.2.0] AndroidManifest.xml:36:13-38:85
84                android:name="com.google.firebase.components:com.google.firebase.auth.FirebaseAuthRegistrar"
84-->[com.google.firebase:firebase-auth:19.2.0] AndroidManifest.xml:37:17-109
85                android:value="com.google.firebase.components.ComponentRegistrar" />
85-->[com.google.firebase:firebase-auth:19.2.0] AndroidManifest.xml:38:17-82
86            <meta-data
86-->[:cloud_firestore] AndroidManifest.xml:9:13-11:85
87                android:name="com.google.firebase.components:io.flutter.plugins.firebase.cloudfirestore.FlutterFirebaseAppRegistrar"
87-->[:cloud_firestore] AndroidManifest.xml:10:17-133
88                android:value="com.google.firebase.components.ComponentRegistrar" />
88-->[:cloud_firestore] AndroidManifest.xml:11:17-82
89            <meta-data
89-->[:firebase_storage] AndroidManifest.xml:9:13-11:85
90                android:name="com.google.firebase.components:io.flutter.plugins.firebase.storage.FlutterFirebaseAppRegistrar"
90-->[:firebase_storage] AndroidManifest.xml:10:17-126
91                android:value="com.google.firebase.components.ComponentRegistrar" />
91-->[:firebase_storage] AndroidManifest.xml:11:17-82
92            <meta-data
92-->[:firebase_core] AndroidManifest.xml:9:13-11:85
93                android:name="com.google.firebase.components:io.flutter.plugins.firebase.core.FlutterFirebaseAppRegistrar"
93-->[:firebase_core] AndroidManifest.xml:10:17-123
94                android:value="com.google.firebase.components.ComponentRegistrar" />
94-->[:firebase_core] AndroidManifest.xml:11:17-82
95            <meta-data
95-->[:firebase_messaging] AndroidManifest.xml:14:13-16:85
96                android:name="com.google.firebase.components:io.flutter.plugins.firebasemessaging.FlutterFirebaseAppRegistrar"
96-->[:firebase_messaging] AndroidManifest.xml:15:17-127
97                android:value="com.google.firebase.components.ComponentRegistrar" />
97-->[:firebase_messaging] AndroidManifest.xml:16:17-82
98            <meta-data
98-->[com.google.firebase:firebase-firestore:21.3.0] AndroidManifest.xml:20:13-22:85
99                android:name="com.google.firebase.components:com.google.firebase.firestore.FirestoreRegistrar"
99-->[com.google.firebase:firebase-firestore:21.3.0] AndroidManifest.xml:21:17-111
100                android:value="com.google.firebase.components.ComponentRegistrar" />
100-->[com.google.firebase:firebase-firestore:21.3.0] AndroidManifest.xml:22:17-82
101            <meta-data
101-->[com.google.firebase:firebase-storage:17.0.0] AndroidManifest.xml:31:13-33:85
102                android:name="com.google.firebase.components:com.google.firebase.storage.StorageRegistrar"
102-->[com.google.firebase:firebase-storage:17.0.0] AndroidManifest.xml:32:17-107
103                android:value="com.google.firebase.components.ComponentRegistrar" />
103-->[com.google.firebase:firebase-storage:17.0.0] AndroidManifest.xml:33:17-82
104            <meta-data
104-->[com.google.firebase:firebase-iid:20.0.1] AndroidManifest.xml:32:13-34:85
105                android:name="com.google.firebase.components:com.google.firebase.iid.Registrar"
105-->[com.google.firebase:firebase-iid:20.0.1] AndroidManifest.xml:33:17-96
106                android:value="com.google.firebase.components.ComponentRegistrar" />
106-->[com.google.firebase:firebase-iid:20.0.1] AndroidManifest.xml:34:17-82
107        </service>
108
109        <activity
109-->[com.google.firebase:firebase-auth:19.2.0] AndroidManifest.xml:24:9-31:50
110            android:name="com.google.firebase.auth.internal.FederatedSignInActivity"
110-->[com.google.firebase:firebase-auth:19.2.0] AndroidManifest.xml:25:13-85
111            android:excludeFromRecents="true"
111-->[com.google.firebase:firebase-auth:19.2.0] AndroidManifest.xml:26:13-46
112            android:exported="true"
112-->[com.google.firebase:firebase-auth:19.2.0] AndroidManifest.xml:27:13-36
113            android:launchMode="singleTask"
113-->[com.google.firebase:firebase-auth:19.2.0] AndroidManifest.xml:28:13-44
114            android:permission="com.google.firebase.auth.api.gms.permission.LAUNCH_FEDERATED_SIGN_IN"
114-->[com.google.firebase:firebase-auth:19.2.0] AndroidManifest.xml:29:13-102
115            android:theme="@android:style/Theme.Translucent.NoTitleBar" />
115-->[com.google.firebase:firebase-auth:19.2.0] AndroidManifest.xml:30:13-72
116
117        <provider
117-->[:image_picker] AndroidManifest.xml:11:9-19:20
118            android:name="io.flutter.plugins.imagepicker.ImagePickerFileProvider"
118-->[:image_picker] AndroidManifest.xml:12:13-82
119            android:authorities="com.example.x_group.flutter.image_provider"
119-->[:image_picker] AndroidManifest.xml:13:13-74
120            android:exported="false"
120-->[:image_picker] AndroidManifest.xml:14:13-37
121            android:grantUriPermissions="true" >
121-->[:image_picker] AndroidManifest.xml:15:13-47
122            <meta-data
122-->[com.sangcomz:FishBun:0.11.2] AndroidManifest.xml:17:13-19:58
123                android:name="android.support.FILE_PROVIDER_PATHS"
123-->[com.sangcomz:FishBun:0.11.2] AndroidManifest.xml:18:17-67
124                android:resource="@xml/flutter_image_picker_file_paths" />
124-->[com.sangcomz:FishBun:0.11.2] AndroidManifest.xml:19:17-55
125        </provider>
126
127        <service android:name="io.flutter.plugins.firebasemessaging.FlutterFirebaseMessagingService" >
127-->[:firebase_messaging] AndroidManifest.xml:8:9-12:19
127-->[:firebase_messaging] AndroidManifest.xml:8:18-101
128            <intent-filter>
128-->[:firebase_messaging] AndroidManifest.xml:9:13-11:29
129                <action android:name="com.google.firebase.MESSAGING_EVENT" />
129-->[:firebase_messaging] AndroidManifest.xml:10:17-78
129-->[:firebase_messaging] AndroidManifest.xml:10:25-75
130            </intent-filter>
131        </service>
132
133        <activity
133-->[com.google.android.gms:play-services-auth:16.0.1] AndroidManifest.xml:23:9-27:75
134            android:name="com.google.android.gms.auth.api.signin.internal.SignInHubActivity"
134-->[com.google.android.gms:play-services-auth:16.0.1] AndroidManifest.xml:24:13-93
135            android:excludeFromRecents="true"
135-->[com.google.android.gms:play-services-auth:16.0.1] AndroidManifest.xml:25:13-46
136            android:exported="false"
136-->[com.google.android.gms:play-services-auth:16.0.1] AndroidManifest.xml:26:13-37
137            android:theme="@android:style/Theme.Translucent.NoTitleBar" />
137-->[com.google.android.gms:play-services-auth:16.0.1] AndroidManifest.xml:27:13-72
138        <!--
139            Service handling Google Sign-In user revocation. For apps that do not integrate with
140            Google Sign-In, this service will never be started.
141        -->
142        <service
142-->[com.google.android.gms:play-services-auth:16.0.1] AndroidManifest.xml:33:9-36:110
143            android:name="com.google.android.gms.auth.api.signin.RevocationBoundService"
143-->[com.google.android.gms:play-services-auth:16.0.1] AndroidManifest.xml:34:13-89
144            android:exported="true"
144-->[com.google.android.gms:play-services-auth:16.0.1] AndroidManifest.xml:35:13-36
145            android:permission="com.google.android.gms.auth.api.signin.permission.REVOCATION_NOTIFICATION" />
145-->[com.google.android.gms:play-services-auth:16.0.1] AndroidManifest.xml:36:13-107
146        <!--
147             FirebaseMessagingService performs security checks at runtime,
148             but set to not exported to explicitly avoid allowing another app to call it.
149        -->
150        <service
150-->[com.google.firebase:firebase-messaging:20.0.1] AndroidManifest.xml:28:9-34:19
151            android:name="com.google.firebase.messaging.FirebaseMessagingService"
151-->[com.google.firebase:firebase-messaging:20.0.1] AndroidManifest.xml:29:13-82
152            android:exported="false" >
152-->[com.google.firebase:firebase-messaging:20.0.1] AndroidManifest.xml:30:13-37
153            <intent-filter android:priority="-500" >
153-->[:firebase_messaging] AndroidManifest.xml:9:13-11:29
154                <action android:name="com.google.firebase.MESSAGING_EVENT" />
154-->[:firebase_messaging] AndroidManifest.xml:10:17-78
154-->[:firebase_messaging] AndroidManifest.xml:10:25-75
155            </intent-filter>
156        </service>
157
158        <receiver
158-->[com.google.firebase:firebase-iid:20.0.1] AndroidManifest.xml:37:9-44:20
159            android:name="com.google.firebase.iid.FirebaseInstanceIdReceiver"
159-->[com.google.firebase:firebase-iid:20.0.1] AndroidManifest.xml:38:13-78
160            android:exported="true"
160-->[com.google.firebase:firebase-iid:20.0.1] AndroidManifest.xml:39:13-36
161            android:permission="com.google.android.c2dm.permission.SEND" >
161-->[com.google.firebase:firebase-iid:20.0.1] AndroidManifest.xml:40:13-73
162            <intent-filter>
162-->[com.google.firebase:firebase-iid:20.0.1] AndroidManifest.xml:41:13-43:29
163                <action android:name="com.google.android.c2dm.intent.RECEIVE" />
163-->[com.google.firebase:firebase-iid:20.0.1] AndroidManifest.xml:42:17-81
163-->[com.google.firebase:firebase-iid:20.0.1] AndroidManifest.xml:42:25-78
164            </intent-filter>
165        </receiver>
166
167        <activity
167-->[com.google.android.gms:play-services-base:17.1.0] AndroidManifest.xml:23:9-26:75
168            android:name="com.google.android.gms.common.api.GoogleApiActivity"
168-->[com.google.android.gms:play-services-base:17.1.0] AndroidManifest.xml:24:13-79
169            android:exported="false"
169-->[com.google.android.gms:play-services-base:17.1.0] AndroidManifest.xml:25:13-37
170            android:theme="@android:style/Theme.Translucent.NoTitleBar" />
170-->[com.google.android.gms:play-services-base:17.1.0] AndroidManifest.xml:26:13-72
171
172        <provider
172-->[com.google.firebase:firebase-common:19.3.0] AndroidManifest.xml:26:9-30:39
173            android:name="com.google.firebase.provider.FirebaseInitProvider"
173-->[com.google.firebase:firebase-common:19.3.0] AndroidManifest.xml:27:13-77
174            android:authorities="com.example.x_group.firebaseinitprovider"
174-->[com.google.firebase:firebase-common:19.3.0] AndroidManifest.xml:28:13-72
175            android:exported="false"
175-->[com.google.firebase:firebase-common:19.3.0] AndroidManifest.xml:29:13-37
176            android:initOrder="100" />
176-->[com.google.firebase:firebase-common:19.3.0] AndroidManifest.xml:30:13-36
177
178        <meta-data
178-->[com.google.android.gms:play-services-basement:17.0.0] AndroidManifest.xml:23:9-25:69
179            android:name="com.google.android.gms.version"
179-->[com.google.android.gms:play-services-basement:17.0.0] AndroidManifest.xml:24:13-58
180            android:value="@integer/google_play_services_version" />
180-->[com.google.android.gms:play-services-basement:17.0.0] AndroidManifest.xml:25:13-66
181    </application>
182
183</manifest>